BKB_ATRI.TIM  pmode:1  cx:[0240]576   cy:[01c1]449   cw:256   ch:1   
cursol[x:0    y:0   ]  px:[029e]670   py:[016c]364   pw:4     ph:36  

BKB_KMS1.TIM  pmode:1  cx:[0240]576   cy:[01c2]450   cw:256   ch:1   
cursol[x:0    y:0   ]  px:[02c0]704   py:[012c]300   pw:34    ph:32  

BKB_KMS2.TIM  pmode:1  cx:[0240]576   cy:[01c3]451   cw:256   ch:1   
cursol[x:0    y:0   ]  px:[0280]640   py:[0100]256   pw:52    ph:32  

BKB_KMS3.TIM  pmode:1  cx:[0240]576   cy:[01c4]452   cw:256   ch:1   
cursol[x:0    y:0   ]  px:[0280]640   py:[0120]288   pw:49    ph:32  

BKB_KZTI.TIM  pmode:1  cx:[0240]576   cy:[01c5]453   cw:256   ch:1   
cursol[x:0    y:0   ]  px:[0336]822   py:[0100]256   pw:4     ph:16  

BKB_MDIN.TIM  pmode:1  cx:[0240]576   cy:[01c6]454   cw:256   ch:1   
cursol[x:0    y:0   ]  px:[02f8]760   py:[011e]286   pw:6     ph:12  

BKB_OMDT.TIM  pmode:1  cx:[0240]576   cy:[01c7]455   cw:256   ch:1   
cursol[x:0    y:0   ]  px:[0298]664   py:[016c]364   pw:6     ph:24  

BKB_PY11.TIM  pmode:1  cx:[0240]576   cy:[01c8]456   cw:256   ch:1   
cursol[x:0    y:0   ]  px:[02f8]760   py:[0168]360   pw:5     ph:10  

BKB_PY21.TIM  pmode:1  cx:[0240]576   cy:[01c9]457   cw:256   ch:1   
cursol[x:0    y:0   ]  px:[02f3]755   py:[0168]360   pw:5     ph:10  

BKB_PY22.TIM  pmode:1  cx:[0240]576   cy:[01ca]458   cw:256   ch:1   
cursol[x:0    y:0   ]  px:[02ba]698   py:[017a]378   pw:5     ph:10  

BKB_PY31.TIM  pmode:1  cx:[0240]576   cy:[01cb]459   cw:256   ch:1   
cursol[x:0    y:0   ]  px:[02ba]698   py:[0170]368   pw:5     ph:10  

BKB_PY32.TIM  pmode:1  cx:[0240]576   cy:[01cc]460   cw:256   ch:1   
cursol[x:0    y:0   ]  px:[02ba]698   py:[0166]358   pw:5     ph:10  

BKB_WAIT.TIM  pmode:1  cx:[0240]576   cy:[01cd]461   cw:256   ch:1   
cursol[x:0    y:0   ]  px:[02ac]684   py:[019a]410   pw:12    ph:16  

BKM_ATRI.TIM  pmode:1  cx:[0240]576   cy:[01ce]462   cw:256   ch:1   
cursol[x:0    y:0   ]  px:[02c0]704   py:[0172]370   pw:27    ph:24  

BKM_KMS1.TIM  pmode:1  cx:[0240]576   cy:[01cf]463   cw:256   ch:1   
cursol[x:0    y:0   ]  px:[02db]731   py:[014c]332   pw:24    ph:40  

BKM_KMS2.TIM  pmode:1  cx:[0240]576   cy:[01d0]464   cw:256   ch:1   
cursol[x:0    y:0   ]  px:[0280]640   py:[0140]320   pw:34    ph:44  

BKM_KMS3.TIM  pmode:1  cx:[0240]576   cy:[01d1]465   cw:256   ch:1   
cursol[x:0    y:0   ]  px:[02c0]704   py:[0100]256   pw:32    ph:44  

BKM_KZTI.TIM  pmode:1  cx:[0240]576   cy:[01d2]466   cw:256   ch:1   
cursol[x:0    y:0   ]  px:[0300]768   py:[017a]378   pw:34    ph:20  

BKM_MDIN.TIM  pmode:1  cx:[0240]576   cy:[01d3]467   cw:256   ch:1   
cursol[x:0    y:0   ]  px:[0300]768   py:[01a2]418   pw:14    ph:26  

BKM_OMDT.TIM  pmode:1  cx:[0240]576   cy:[01d4]468   cw:256   ch:1   
cursol[x:0    y:0   ]  px:[02db]731   py:[0174]372   pw:34    ph:20  

BKM_PY11.TIM  pmode:1  cx:[0240]576   cy:[01d5]469   cw:256   ch:1   
cursol[x:0    y:0   ]  px:[02dc]732   py:[0188]392   pw:22    ph:20  

BKM_PY21.TIM  pmode:1  cx:[0240]576   cy:[01d6]470   cw:256   ch:1   
cursol[x:0    y:0   ]  px:[0300]768   py:[018e]398   pw:23    ph:20  

BKM_PY22.TIM  pmode:1  cx:[0240]576   cy:[01d7]471   cw:256   ch:1   
cursol[x:0    y:0   ]  px:[0322]802   py:[019a]410   pw:22    ph:20  

BKM_PY31.TIM  pmode:1  cx:[0240]576   cy:[01d8]472   cw:256   ch:1   
cursol[x:0    y:0   ]  px:[02c0]704   py:[019c]412   pw:24    ph:24  

BKM_PY32.TIM  pmode:1  cx:[0240]576   cy:[01d9]473   cw:256   ch:1   
cursol[x:0    y:0   ]  px:[02a8]680   py:[01ac]428   pw:22    ph:20  

BKM_RPY1.TIM  pmode:1  cx:[0240]576   cy:[01da]474   cw:256   ch:1   
cursol[x:0    y:0   ]  px:[02e0]736   py:[011e]286   pw:24    ph:14  

BKM_RPY2.TIM  pmode:1  cx:[0240]576   cy:[01db]475   cw:256   ch:1   
cursol[x:0    y:0   ]  px:[0310]784   py:[0126]294   pw:9     ph:6   

BKM_WAIT.TIM  pmode:1  cx:[0240]576   cy:[01dc]476   cw:256   ch:1   
cursol[x:0    y:0   ]  px:[02b4]692   py:[0100]256   pw:12    ph:32  

BKS_ATRI.TIM  pmode:1  cx:[0240]576   cy:[01dd]477   cw:256   ch:1   
cursol[x:0    y:0   ]  px:[02e0]736   py:[0100]256   pw:32    ph:30  

BKS_KMS1.TIM  pmode:1  cx:[0240]576   cy:[01de]478   cw:256   ch:1   
cursol[x:0    y:0   ]  px:[0310]784   py:[0100]256   pw:20    ph:38  

BKS_KMS2.TIM  pmode:1  cx:[0240]576   cy:[01df]479   cw:256   ch:1   
cursol[x:0    y:0   ]  px:[02a2]674   py:[0140]320   pw:28    ph:38  

BKS_KMS3.TIM  pmode:1  cx:[0240]576   cy:[01e0]480   cw:256   ch:1   
cursol[x:0    y:0   ]  px:[02c0]704   py:[014c]332   pw:27    ph:38  

BKS_KZTI.TIM  pmode:1  cx:[0240]576   cy:[01e1]481   cw:256   ch:1   
cursol[x:0    y:0   ]  px:[0300]768   py:[0162]354   pw:33    ph:24  

BKS_MDIN.TIM  pmode:1  cx:[0240]576   cy:[01e2]482   cw:256   ch:1   
cursol[x:0    y:0   ]  px:[02f0]752   py:[01a4]420   pw:12    ph:24  

BKS_OMDT.TIM  pmode:1  cx:[0240]576   cy:[01e3]483   cw:256   ch:1   
cursol[x:0    y:0   ]  px:[0300]768   py:[014c]332   pw:36    ph:22  

BKS_PY11.TIM  pmode:1  cx:[0240]576   cy:[01e4]484   cw:256   ch:1   
cursol[x:0    y:0   ]  px:[02a2]674   py:[0186]390   pw:28    ph:20  

BKS_PY21.TIM  pmode:1  cx:[0240]576   cy:[01e5]485   cw:256   ch:1   
cursol[x:0    y:0   ]  px:[0321]801   py:[0162]354   pw:28    ph:22  

BKS_PY22.TIM  pmode:1  cx:[0240]576   cy:[01e6]486   cw:256   ch:1   
cursol[x:0    y:0   ]  px:[02c0]704   py:[018a]394   pw:27    ph:18  

BKS_PY31.TIM  pmode:1  cx:[0240]576   cy:[01e7]487   cw:256   ch:1   
cursol[x:0    y:0   ]  px:[0324]804   py:[014c]332   pw:27    ph:22  

BKS_PY32.TIM  pmode:1  cx:[0240]576   cy:[01e8]488   cw:256   ch:1   
cursol[x:0    y:0   ]  px:[0280]640   py:[018c]396   pw:27    ph:18  

BKS_RPY1.TIM  pmode:1  cx:[0240]576   cy:[01e9]489   cw:256   ch:1   
cursol[x:0    y:0   ]  px:[0324]804   py:[0120]288   pw:20    ph:12  

BKS_RPY2.TIM  pmode:1  cx:[0240]576   cy:[01ea]490   cw:256   ch:1   
cursol[x:0    y:0   ]  px:[0280]640   py:[01ba]442   pw:8     ph:6   

BKS_UR1L.TIM  pmode:1  cx:[0240]576   cy:[01eb]491   cw:256   ch:1   
cursol[x:0    y:0   ]  px:[0322]802   py:[017a]378   pw:16    ph:32  

BKS_UR1R.TIM  pmode:1  cx:[0240]576   cy:[01ec]492   cw:256   ch:1   
cursol[x:0    y:0   ]  px:[032c]812   py:[012c]300   pw:16    ph:32  

BKS_UR2L.TIM  pmode:1  cx:[0240]576   cy:[01ed]493   cw:256   ch:1   
cursol[x:0    y:0   ]  px:[0324]804   py:[0100]256   pw:18    ph:32  

BKS_UR2R.TIM  pmode:1  cx:[0240]576   cy:[01ee]494   cw:256   ch:1   
cursol[x:0    y:0   ]  px:[031a]794   py:[012c]300   pw:18    ph:32  

BKS_UR3L.TIM  pmode:1  cx:[0240]576   cy:[01ef]495   cw:256   ch:1   
cursol[x:0    y:0   ]  px:[0280]640   py:[016c]364   pw:24    ph:32  

BKS_UR3R.TIM  pmode:1  cx:[0240]576   cy:[01f0]496   cw:256   ch:1   
cursol[x:0    y:0   ]  px:[02a2]674   py:[0166]358   pw:24    ph:32  

BKS_UR4L.TIM  pmode:1  cx:[0240]576   cy:[01f1]497   cw:256   ch:1   
cursol[x:0    y:0   ]  px:[0300]768   py:[012c]300   pw:26    ph:32  

BKS_UR4R.TIM  pmode:1  cx:[0240]576   cy:[01f2]498   cw:256   ch:1   
cursol[x:0    y:0   ]  px:[02e2]738   py:[012c]300   pw:26    ph:32  

BKS_WAIT.TIM  pmode:1  cx:[0240]576   cy:[01f3]499   cw:256   ch:1   
cursol[x:0    y:0   ]  px:[0317]791   py:[018e]398   pw:11    ph:28  

BKS_BET1.TIM  pmode:1  cx:[0240]576   cy:[01f4]500   cw:256   ch:1   
cursol[x:0    y:0   ]  px:[0332]818   py:[017a]378   pw:14    ph:28  

BKS_BET2.TIM  pmode:1  cx:[0240]576   cy:[01f4]500   cw:256   ch:1   
cursol[x:0    y:0   ]  px:[02b1]689   py:[0120]288   pw:14    ph:28  

BKS_BTG1.TIM  pmode:1  cx:[0240]576   cy:[01f4]500   cw:256   ch:1   
cursol[x:0    y:0   ]  px:[028d]653   py:[019e]414   pw:13    ph:28  

BKS_BTG2.TIM  pmode:1  cx:[0240]576   cy:[01f4]500   cw:256   ch:1   
cursol[x:0    y:0   ]  px:[02d8]728   py:[019c]412   pw:12    ph:26  

BKS_BTG3.TIM  pmode:1  cx:[0240]576   cy:[01f4]500   cw:256   ch:1   
cursol[x:0    y:0   ]  px:[0280]640   py:[019e]414   pw:13    ph:28  

BKS_BTR1.TIM  pmode:1  cx:[0240]576   cy:[01f4]500   cw:256   ch:1   
cursol[x:0    y:0   ]  px:[02f3]755   py:[0188]392   pw:13    ph:28  

BKS_BTR2.TIM  pmode:1  cx:[0240]576   cy:[01f4]500   cw:256   ch:1   
cursol[x:0    y:0   ]  px:[02e4]740   py:[019c]412   pw:12    ph:26  

BKS_BTR3.TIM  pmode:1  cx:[0240]576   cy:[01f4]500   cw:256   ch:1   
cursol[x:0    y:0   ]  px:[02f3]755   py:[014c]332   pw:13    ph:28  

BKS_MBET.TIM  pmode:1  cx:[0240]576   cy:[01f4]500   cw:256   ch:1   
cursol[x:0    y:0   ]  px:[029c]668   py:[01ac]428   pw:12    ph:18  

BKS_REBA.TIM  pmode:1  cx:[0240]576   cy:[01f4]500   cw:256   ch:1   
cursol[x:0    y:0   ]  px:[0300]768   py:[0100]256   pw:16    ph:44  

BKM_MBET.TIM  pmode:1  cx:[0240]576   cy:[01f4]500   cw:256   ch:1   
cursol[x:0    y:0   ]  px:[029c]668   py:[019a]410   pw:15    ph:18  

